<?xml version="1.0" encoding="UTF-8"?>
<testng-results ignored="0" total="2" passed="2" failed="0" skipped="0">
  <reporter-output>
  </reporter-output>
  <suite started-at="2022-06-04T19:48:04 ART" name="Default Suite" finished-at="2022-06-04T19:48:10 ART" duration-ms="5906">
    <groups>
    </groups>
    <test started-at="2022-06-04T19:48:04 ART" name="RESTassuredProject1" finished-at="2022-06-04T19:48:10 ART" duration-ms="5906">
      <class name="APITest">
        <test-method signature="test1()[pri:0, instance:APITest@7817fd62]" started-at="2022-06-04T19:48:04 ART" name="test1" finished-at="2022-06-04T19:48:09 ART" duration-ms="5193" status="PASS">
          <reporter-output>
          </reporter-output>
        </test-method> <!-- test1 -->
        <test-method signature="test2()[pri:0, instance:APITest@7817fd62]" started-at="2022-06-04T19:48:09 ART" name="test2" finished-at="2022-06-04T19:48:10 ART" duration-ms="612" status="PASS">
          <reporter-output>
          </reporter-output>
        </test-method> <!-- test2 -->
      </class> <!-- APITest -->
    </test> <!-- RESTassuredProject1 -->
  </suite> <!-- Default Suite -->
</testng-results>
